<?xml version="1.0" encoding="UTF-8"?>
<testsuite name="Utest Register" tests="1" skipped="0" failures="0" errors="0" timestamp="2023-09-22T22:46:27" hostname="CHBOGML-113159" time="35.379">
  <properties/>
  <testcase name="Register new user" classname="Utest Register" time="35.379"/>
  <system-out><![CDATA[]]></system-out>
  <system-err><![CDATA[[Test worker] WARN net.thucydides.core.steps.BaseStepListener - stepStarted: net.thucydides.core.steps.ExecutedStepDescription@2f94c4db
[Test worker] WARN net.thucydides.core.steps.BaseStepListener - stepStarted: net.thucydides.core.steps.ExecutedStepDescription@1a28aef1
[Test worker] WARN net.thucydides.core.steps.BaseStepListener - stepStarted: net.thucydides.core.steps.ExecutedStepDescription@17740dae
sep 22, 2023 5:46:28 PM org.openqa.selenium.remote.DesiredCapabilities chrome
INFORMACIÓN: Using `new ChromeOptions()` is preferred to `DesiredCapabilities.chrome()`
[Test worker] INFO net.serenitybdd.core.webdriver.driverproviders.ProvideNewDriver - Instantiating driver
[Test worker] INFO net.serenitybdd.core.webdriver.driverproviders.ProvideNewDriver - Driver capabilities: Capabilities {acceptInsecureCerts: false, browserName: chrome, chrome.switches: --start-maximized, goog:chromeOptions: {args: [--start-maximized], extensions: []}, loggingPrefs: org.openqa.selenium.logging..., platform: ANY, version: }
Starting ChromeDriver 117.0.5938.62 (25a7172909a4cba7355365cf424d7d7eb35231f4-refs/branch-heads/5938@{#1146}) on port 44444
Only local connections are allowed.
Please see https://chromedriver.chromium.org/security-considerations for suggestions on keeping ChromeDriver safe.
ChromeDriver was started successfully.
sep 22, 2023 5:46:30 PM org.openqa.selenium.remote.ProtocolHandshake createSession
INFORMACIÓN: Detected dialect: W3C
[Test worker] WARN net.thucydides.core.steps.BaseStepListener - stepFinished: current outcome:Register new user:Given than JP wants to use the utest page [Jp open up [JP opens the Utestpage]]
[Test worker] WARN net.thucydides.core.steps.BaseStepListener - stepFinished: current outcome:Register new user:Given than JP wants to use the utest page [Jp open up [JP opens the Utestpage]]
[Test worker] WARN net.thucydides.core.steps.BaseStepListener - stepStarted: net.thucydides.core.steps.ExecutedStepDescription@6680f714
[Test worker] WARN net.thucydides.core.steps.BaseStepListener - stepStarted: net.thucydides.core.steps.ExecutedStepDescription@2fe74516
[Test worker] WARN net.thucydides.core.steps.BaseStepListener - stepFinished: current outcome:Register new user:Given than JP wants to use the utest page [Jp open up [JP opens the Utestpage], Jp login [JP clicks on button for register]]
[Test worker] WARN net.thucydides.core.steps.BaseStepListener - stepFinished: current outcome:Register new user:Given than JP wants to use the utest page [Jp open up [JP opens the Utestpage], Jp login [JP clicks on button for register]]
[Test worker] WARN net.thucydides.core.steps.BaseStepListener - stepFinished: current outcome:Register new user:Given than JP wants to use the utest page [Jp open up [JP opens the Utestpage], Jp login [JP clicks on button for register]]
[Test worker] WARN net.thucydides.core.steps.BaseStepListener - stepStarted: net.thucydides.core.steps.ExecutedStepDescription@3ba3d4b6
[Test worker] WARN net.thucydides.core.steps.BaseStepListener - stepStarted: net.thucydides.core.steps.ExecutedStepDescription@1860f3be
[Test worker] WARN net.thucydides.core.steps.BaseStepListener - stepStarted: net.thucydides.core.steps.ExecutedStepDescription@76e3b45b
[Test worker] WARN net.thucydides.core.steps.BaseStepListener - stepFinished: current outcome:Register new user:Given than JP wants to use the utest page [Jp open up [JP opens the Utestpage], Jp login [JP clicks on button for register]], When JP registers your data
| strname | strlasname | stremail | month | day | year | strlanguage | language | strpstal | strcity | strcountry | strdevice | strmodel | stroperating | strpassword |
| Santiago Prueba | Arias Prueba | sajkn90788776@gamil.com | June | 22 | 2002 | Spanish | Spanish | 110141 | Cali | Colombia | Xiaomi | Redmi 8 | Android 12 | A1iuy32rtr37b8b91o20. | [Jp register step one [JP enters 'Santiago Prueba' into Enter name]]
[Test worker] WARN net.thucydides.core.steps.BaseStepListener - stepStarted: net.thucydides.core.steps.ExecutedStepDescription@2e43c38d
[Test worker] WARN net.thucydides.core.steps.BaseStepListener - stepFinished: current outcome:Register new user:Given than JP wants to use the utest page [Jp open up [JP opens the Utestpage], Jp login [JP clicks on button for register]], When JP registers your data
| strname | strlasname | stremail | month | day | year | strlanguage | language | strpstal | strcity | strcountry | strdevice | strmodel | stroperating | strpassword |
| Santiago Prueba | Arias Prueba | sajkn90788776@gamil.com | June | 22 | 2002 | Spanish | Spanish | 110141 | Cali | Colombia | Xiaomi | Redmi 8 | Android 12 | A1iuy32rtr37b8b91o20. | [Jp register step one [JP enters 'Santiago Prueba' into Enter name, JP enters 'Arias Prueba' into Enter lastname]]
[Test worker] WARN net.thucydides.core.steps.BaseStepListener - stepStarted: net.thucydides.core.steps.ExecutedStepDescription@39de9bda
[Test worker] WARN net.thucydides.core.steps.BaseStepListener - stepFinished: current outcome:Register new user:Given than JP wants to use the utest page [Jp open up [JP opens the Utestpage], Jp login [JP clicks on button for register]], When JP registers your data
| strname | strlasname | stremail | month | day | year | strlanguage | language | strpstal | strcity | strcountry | strdevice | strmodel | stroperating | strpassword |
| Santiago Prueba | Arias Prueba | sajkn90788776@gamil.com | June | 22 | 2002 | Spanish | Spanish | 110141 | Cali | Colombia | Xiaomi | Redmi 8 | Android 12 | A1iuy32rtr37b8b91o20. | [Jp register step one [JP enters 'Santiago Prueba' into Enter name, JP enters 'Arias Prueba' into Enter lastname, JP enters 'sajkn90788776@gamil.com' into Enter address]]
[Test worker] WARN net.thucydides.core.steps.BaseStepListener - stepStarted: net.thucydides.core.steps.ExecutedStepDescription@c7f4457
[Test worker] WARN net.thucydides.core.steps.BaseStepListener - stepFinished: current outcome:Register new user:Given than JP wants to use the utest page [Jp open up [JP opens the Utestpage], Jp login [JP clicks on button for register]], When JP registers your data
| strname | strlasname | stremail | month | day | year | strlanguage | language | strpstal | strcity | strcountry | strdevice | strmodel | stroperating | strpassword |
| Santiago Prueba | Arias Prueba | sajkn90788776@gamil.com | June | 22 | 2002 | Spanish | Spanish | 110141 | Cali | Colombia | Xiaomi | Redmi 8 | Android 12 | A1iuy32rtr37b8b91o20. | [Jp register step one [JP enters 'Santiago Prueba' into Enter name, JP enters 'Arias Prueba' into Enter lastname, JP enters 'sajkn90788776@gamil.com' into Enter address, JP select June on Select month]]
[Test worker] WARN net.thucydides.core.steps.BaseStepListener - stepStarted: net.thucydides.core.steps.ExecutedStepDescription@4c51077d
[Test worker] WARN net.thucydides.core.steps.BaseStepListener - stepFinished: current outcome:Register new user:Given than JP wants to use the utest page [Jp open up [JP opens the Utestpage], Jp login [JP clicks on button for register]], When JP registers your data
| strname | strlasname | stremail | month | day | year | strlanguage | language | strpstal | strcity | strcountry | strdevice | strmodel | stroperating | strpassword |
| Santiago Prueba | Arias Prueba | sajkn90788776@gamil.com | June | 22 | 2002 | Spanish | Spanish | 110141 | Cali | Colombia | Xiaomi | Redmi 8 | Android 12 | A1iuy32rtr37b8b91o20. | [Jp register step one [JP enters 'Santiago Prueba' into Enter name, JP enters 'Arias Prueba' into Enter lastname, JP enters 'sajkn90788776@gamil.com' into Enter address, JP select June on Select month, JP select 22 on Select day]]
[Test worker] WARN net.thucydides.core.steps.BaseStepListener - stepStarted: net.thucydides.core.steps.ExecutedStepDescription@76ff68c5
[Test worker] WARN net.thucydides.core.steps.BaseStepListener - stepFinished: current outcome:Register new user:Given than JP wants to use the utest page [Jp open up [JP opens the Utestpage], Jp login [JP clicks on button for register]], When JP registers your data
| strname | strlasname | stremail | month | day | year | strlanguage | language | strpstal | strcity | strcountry | strdevice | strmodel | stroperating | strpassword |
| Santiago Prueba | Arias Prueba | sajkn90788776@gamil.com | June | 22 | 2002 | Spanish | Spanish | 110141 | Cali | Colombia | Xiaomi | Redmi 8 | Android 12 | A1iuy32rtr37b8b91o20. | [Jp register step one [JP enters 'Santiago Prueba' into Enter name, JP enters 'Arias Prueba' into Enter lastname, JP enters 'sajkn90788776@gamil.com' into Enter address, JP select June on Select month, JP select 22 on Select day, JP select 2002 on Select year]]
[Test worker] WARN net.thucydides.core.steps.BaseStepListener - stepStarted: net.thucydides.core.steps.ExecutedStepDescription@1039bfc4
[Test worker] WARN net.thucydides.core.steps.BaseStepListener - stepFinished: current outcome:Register new user:Given than JP wants to use the utest page [Jp open up [JP opens the Utestpage], Jp login [JP clicks on button for register]], When JP registers your data
| strname | strlasname | stremail | month | day | year | strlanguage | language | strpstal | strcity | strcountry | strdevice | strmodel | stroperating | strpassword |
| Santiago Prueba | Arias Prueba | sajkn90788776@gamil.com | June | 22 | 2002 | Spanish | Spanish | 110141 | Cali | Colombia | Xiaomi | Redmi 8 | Android 12 | A1iuy32rtr37b8b91o20. | [Jp register step one [JP enters 'Santiago Prueba' into Enter name, JP enters 'Arias Prueba' into Enter lastname, JP enters 'sajkn90788776@gamil.com' into Enter address, JP select June on Select month, JP select 22 on Select day, JP select 2002 on Select year, JP clicks on click button location]]
[Test worker] WARN net.thucydides.core.steps.BaseStepListener - stepFinished: current outcome:Register new user:Given than JP wants to use the utest page [Jp open up [JP opens the Utestpage], Jp login [JP clicks on button for register]], When JP registers your data
| strname | strlasname | stremail | month | day | year | strlanguage | language | strpstal | strcity | strcountry | strdevice | strmodel | stroperating | strpassword |
| Santiago Prueba | Arias Prueba | sajkn90788776@gamil.com | June | 22 | 2002 | Spanish | Spanish | 110141 | Cali | Colombia | Xiaomi | Redmi 8 | Android 12 | A1iuy32rtr37b8b91o20. | [Jp register step one [JP enters 'Santiago Prueba' into Enter name, JP enters 'Arias Prueba' into Enter lastname, JP enters 'sajkn90788776@gamil.com' into Enter address, JP select June on Select month, JP select 22 on Select day, JP select 2002 on Select year, JP clicks on click button location]]
[Test worker] WARN net.thucydides.core.steps.BaseStepListener - stepStarted: net.thucydides.core.steps.ExecutedStepDescription@c1050f2
[Test worker] WARN net.thucydides.core.steps.BaseStepListener - stepStarted: net.thucydides.core.steps.ExecutedStepDescription@3c232051
[Test worker] WARN net.thucydides.core.steps.BaseStepListener - stepFinished: current outcome:Register new user:Given than JP wants to use the utest page [Jp open up [JP opens the Utestpage], Jp login [JP clicks on button for register]], When JP registers your data
| strname | strlasname | stremail | month | day | year | strlanguage | language | strpstal | strcity | strcountry | strdevice | strmodel | stroperating | strpassword |
| Santiago Prueba | Arias Prueba | sajkn90788776@gamil.com | June | 22 | 2002 | Spanish | Spanish | 110141 | Cali | Colombia | Xiaomi | Redmi 8 | Android 12 | A1iuy32rtr37b8b91o20. | [Jp register step one [JP enters 'Santiago Prueba' into Enter name, JP enters 'Arias Prueba' into Enter lastname, JP enters 'sajkn90788776@gamil.com' into Enter address, JP select June on Select month, JP select 22 on Select day, JP select 2002 on Select year, JP clicks on click button location], Jp registro steptwo [JP enters 'Cali' into click city]]
[Test worker] WARN net.thucydides.core.steps.BaseStepListener - stepStarted: net.thucydides.core.steps.ExecutedStepDescription@7730ef88
[Test worker] WARN net.thucydides.core.steps.BaseStepListener - stepFinished: current outcome:Register new user:Given than JP wants to use the utest page [Jp open up [JP opens the Utestpage], Jp login [JP clicks on button for register]], When JP registers your data
| strname | strlasname | stremail | month | day | year | strlanguage | language | strpstal | strcity | strcountry | strdevice | strmodel | stroperating | strpassword |
| Santiago Prueba | Arias Prueba | sajkn90788776@gamil.com | June | 22 | 2002 | Spanish | Spanish | 110141 | Cali | Colombia | Xiaomi | Redmi 8 | Android 12 | A1iuy32rtr37b8b91o20. | [Jp register step one [JP enters 'Santiago Prueba' into Enter name, JP enters 'Arias Prueba' into Enter lastname, JP enters 'sajkn90788776@gamil.com' into Enter address, JP select June on Select month, JP select 22 on Select day, JP select 2002 on Select year, JP clicks on click button location], Jp registro steptwo [JP enters 'Cali' into click city, JP types 'ARROW_DOWN' in click city]]
[Test worker] WARN net.thucydides.core.steps.BaseStepListener - stepStarted: net.thucydides.core.steps.ExecutedStepDescription@5190010f
[Test worker] WARN net.thucydides.core.steps.BaseStepListener - stepFinished: current outcome:Register new user:Given than JP wants to use the utest page [Jp open up [JP opens the Utestpage], Jp login [JP clicks on button for register]], When JP registers your data
| strname | strlasname | stremail | month | day | year | strlanguage | language | strpstal | strcity | strcountry | strdevice | strmodel | stroperating | strpassword |
| Santiago Prueba | Arias Prueba | sajkn90788776@gamil.com | June | 22 | 2002 | Spanish | Spanish | 110141 | Cali | Colombia | Xiaomi | Redmi 8 | Android 12 | A1iuy32rtr37b8b91o20. | [Jp register step one [JP enters 'Santiago Prueba' into Enter name, JP enters 'Arias Prueba' into Enter lastname, JP enters 'sajkn90788776@gamil.com' into Enter address, JP select June on Select month, JP select 22 on Select day, JP select 2002 on Select year, JP clicks on click button location], Jp registro steptwo [JP enters 'Cali' into click city, JP types 'ARROW_DOWN' in click city, JP types 'ENTER' in click city]]
[Test worker] WARN net.thucydides.core.steps.BaseStepListener - stepStarted: net.thucydides.core.steps.ExecutedStepDescription@4351ed61
[Test worker] WARN net.thucydides.core.steps.BaseStepListener - stepFinished: current outcome:Register new user:Given than JP wants to use the utest page [Jp open up [JP opens the Utestpage], Jp login [JP clicks on button for register]], When JP registers your data
| strname | strlasname | stremail | month | day | year | strlanguage | language | strpstal | strcity | strcountry | strdevice | strmodel | stroperating | strpassword |
| Santiago Prueba | Arias Prueba | sajkn90788776@gamil.com | June | 22 | 2002 | Spanish | Spanish | 110141 | Cali | Colombia | Xiaomi | Redmi 8 | Android 12 | A1iuy32rtr37b8b91o20. | [Jp register step one [JP enters 'Santiago Prueba' into Enter name, JP enters 'Arias Prueba' into Enter lastname, JP enters 'sajkn90788776@gamil.com' into Enter address, JP select June on Select month, JP select 22 on Select day, JP select 2002 on Select year, JP clicks on click button location], Jp registro steptwo [JP enters 'Cali' into click city, JP types 'ARROW_DOWN' in click city, JP types 'ENTER' in click city, JP enters '110141' into input postal]]
[Test worker] WARN net.thucydides.core.steps.BaseStepListener - stepStarted: net.thucydides.core.steps.ExecutedStepDescription@7e8279e5
[Test worker] WARN net.thucydides.core.steps.BaseStepListener - stepFinished: current outcome:Register new user:Given than JP wants to use the utest page [Jp open up [JP opens the Utestpage], Jp login [JP clicks on button for register]], When JP registers your data
| strname | strlasname | stremail | month | day | year | strlanguage | language | strpstal | strcity | strcountry | strdevice | strmodel | stroperating | strpassword |
| Santiago Prueba | Arias Prueba | sajkn90788776@gamil.com | June | 22 | 2002 | Spanish | Spanish | 110141 | Cali | Colombia | Xiaomi | Redmi 8 | Android 12 | A1iuy32rtr37b8b91o20. | [Jp register step one [JP enters 'Santiago Prueba' into Enter name, JP enters 'Arias Prueba' into Enter lastname, JP enters 'sajkn90788776@gamil.com' into Enter address, JP select June on Select month, JP select 22 on Select day, JP select 2002 on Select year, JP clicks on click button location], Jp registro steptwo [JP enters 'Cali' into click city, JP types 'ARROW_DOWN' in click city, JP types 'ENTER' in click city, JP enters '110141' into input postal, JP clicks on click button location]]
[Test worker] WARN net.thucydides.core.steps.BaseStepListener - stepFinished: current outcome:Register new user:Given than JP wants to use the utest page [Jp open up [JP opens the Utestpage], Jp login [JP clicks on button for register]], When JP registers your data
| strname | strlasname | stremail | month | day | year | strlanguage | language | strpstal | strcity | strcountry | strdevice | strmodel | stroperating | strpassword |
| Santiago Prueba | Arias Prueba | sajkn90788776@gamil.com | June | 22 | 2002 | Spanish | Spanish | 110141 | Cali | Colombia | Xiaomi | Redmi 8 | Android 12 | A1iuy32rtr37b8b91o20. | [Jp register step one [JP enters 'Santiago Prueba' into Enter name, JP enters 'Arias Prueba' into Enter lastname, JP enters 'sajkn90788776@gamil.com' into Enter address, JP select June on Select month, JP select 22 on Select day, JP select 2002 on Select year, JP clicks on click button location], Jp registro steptwo [JP enters 'Cali' into click city, JP types 'ARROW_DOWN' in click city, JP types 'ENTER' in click city, JP enters '110141' into input postal, JP clicks on click button location]]
[Test worker] WARN net.thucydides.core.steps.BaseStepListener - stepStarted: net.thucydides.core.steps.ExecutedStepDescription@c8f97a7
[Test worker] WARN net.thucydides.core.steps.BaseStepListener - stepStarted: net.thucydides.core.steps.ExecutedStepDescription@357bc488
[Test worker] WARN net.thucydides.core.steps.BaseStepListener - stepFinished: current outcome:Register new user:Given than JP wants to use the utest page [Jp open up [JP opens the Utestpage], Jp login [JP clicks on button for register]], When JP registers your data
| strname | strlasname | stremail | month | day | year | strlanguage | language | strpstal | strcity | strcountry | strdevice | strmodel | stroperating | strpassword |
| Santiago Prueba | Arias Prueba | sajkn90788776@gamil.com | June | 22 | 2002 | Spanish | Spanish | 110141 | Cali | Colombia | Xiaomi | Redmi 8 | Android 12 | A1iuy32rtr37b8b91o20. | [Jp register step one [JP enters 'Santiago Prueba' into Enter name, JP enters 'Arias Prueba' into Enter lastname, JP enters 'sajkn90788776@gamil.com' into Enter address, JP select June on Select month, JP select 22 on Select day, JP select 2002 on Select year, JP clicks on click button location], Jp registro steptwo [JP enters 'Cali' into click city, JP types 'ARROW_DOWN' in click city, JP types 'ENTER' in click city, JP enters '110141' into input postal, JP clicks on click button location], Jp register steptree [JP clicks on Slect device]]
[Test worker] WARN net.thucydides.core.steps.BaseStepListener - stepStarted: net.thucydides.core.steps.ExecutedStepDescription@3dce6dd8
[Test worker] WARN net.thucydides.core.steps.BaseStepListener - stepFinished: current outcome:Register new user:Given than JP wants to use the utest page [Jp open up [JP opens the Utestpage], Jp login [JP clicks on button for register]], When JP registers your data
| strname | strlasname | stremail | month | day | year | strlanguage | language | strpstal | strcity | strcountry | strdevice | strmodel | stroperating | strpassword |
| Santiago Prueba | Arias Prueba | sajkn90788776@gamil.com | June | 22 | 2002 | Spanish | Spanish | 110141 | Cali | Colombia | Xiaomi | Redmi 8 | Android 12 | A1iuy32rtr37b8b91o20. | [Jp register step one [JP enters 'Santiago Prueba' into Enter name, JP enters 'Arias Prueba' into Enter lastname, JP enters 'sajkn90788776@gamil.com' into Enter address, JP select June on Select month, JP select 22 on Select day, JP select 2002 on Select year, JP clicks on click button location], Jp registro steptwo [JP enters 'Cali' into click city, JP types 'ARROW_DOWN' in click city, JP types 'ENTER' in click city, JP enters '110141' into input postal, JP clicks on click button location], Jp register steptree [JP clicks on Slect device, JP clicks on [By.xpath: //div[contains(text(),'Xiaomi')]]]]
[Test worker] WARN net.thucydides.core.steps.BaseStepListener - stepStarted: net.thucydides.core.steps.ExecutedStepDescription@2a4f8009
[Test worker] WARN net.thucydides.core.steps.BaseStepListener - stepFinished: current outcome:Register new user:Given than JP wants to use the utest page [Jp open up [JP opens the Utestpage], Jp login [JP clicks on button for register]], When JP registers your data
| strname | strlasname | stremail | month | day | year | strlanguage | language | strpstal | strcity | strcountry | strdevice | strmodel | stroperating | strpassword |
| Santiago Prueba | Arias Prueba | sajkn90788776@gamil.com | June | 22 | 2002 | Spanish | Spanish | 110141 | Cali | Colombia | Xiaomi | Redmi 8 | Android 12 | A1iuy32rtr37b8b91o20. | [Jp register step one [JP enters 'Santiago Prueba' into Enter name, JP enters 'Arias Prueba' into Enter lastname, JP enters 'sajkn90788776@gamil.com' into Enter address, JP select June on Select month, JP select 22 on Select day, JP select 2002 on Select year, JP clicks on click button location], Jp registro steptwo [JP enters 'Cali' into click city, JP types 'ARROW_DOWN' in click city, JP types 'ENTER' in click city, JP enters '110141' into input postal, JP clicks on click button location], Jp register steptree [JP clicks on Slect device, JP clicks on [By.xpath: //div[contains(text(),'Xiaomi')]], JP clicks on Slect device]]
[Test worker] WARN net.thucydides.core.steps.BaseStepListener - stepStarted: net.thucydides.core.steps.ExecutedStepDescription@4792f119
[Test worker] WARN net.thucydides.core.steps.BaseStepListener - stepFinished: current outcome:Register new user:Given than JP wants to use the utest page [Jp open up [JP opens the Utestpage], Jp login [JP clicks on button for register]], When JP registers your data
| strname | strlasname | stremail | month | day | year | strlanguage | language | strpstal | strcity | strcountry | strdevice | strmodel | stroperating | strpassword |
| Santiago Prueba | Arias Prueba | sajkn90788776@gamil.com | June | 22 | 2002 | Spanish | Spanish | 110141 | Cali | Colombia | Xiaomi | Redmi 8 | Android 12 | A1iuy32rtr37b8b91o20. | [Jp register step one [JP enters 'Santiago Prueba' into Enter name, JP enters 'Arias Prueba' into Enter lastname, JP enters 'sajkn90788776@gamil.com' into Enter address, JP select June on Select month, JP select 22 on Select day, JP select 2002 on Select year, JP clicks on click button location], Jp registro steptwo [JP enters 'Cali' into click city, JP types 'ARROW_DOWN' in click city, JP types 'ENTER' in click city, JP enters '110141' into input postal, JP clicks on click button location], Jp register steptree [JP clicks on Slect device, JP clicks on [By.xpath: //div[contains(text(),'Xiaomi')]], JP clicks on Slect device, JP clicks on [By.xpath: ( //div[contains(text(),'Redmi 8')])[1]]]]
[Test worker] WARN net.thucydides.core.steps.BaseStepListener - stepStarted: net.thucydides.core.steps.ExecutedStepDescription@29d405e6
[Test worker] WARN net.thucydides.core.steps.BaseStepListener - stepFinished: current outcome:Register new user:Given than JP wants to use the utest page [Jp open up [JP opens the Utestpage], Jp login [JP clicks on button for register]], When JP registers your data
| strname | strlasname | stremail | month | day | year | strlanguage | language | strpstal | strcity | strcountry | strdevice | strmodel | stroperating | strpassword |
| Santiago Prueba | Arias Prueba | sajkn90788776@gamil.com | June | 22 | 2002 | Spanish | Spanish | 110141 | Cali | Colombia | Xiaomi | Redmi 8 | Android 12 | A1iuy32rtr37b8b91o20. | [Jp register step one [JP enters 'Santiago Prueba' into Enter name, JP enters 'Arias Prueba' into Enter lastname, JP enters 'sajkn90788776@gamil.com' into Enter address, JP select June on Select month, JP select 22 on Select day, JP select 2002 on Select year, JP clicks on click button location], Jp registro steptwo [JP enters 'Cali' into click city, JP types 'ARROW_DOWN' in click city, JP types 'ENTER' in click city, JP enters '110141' into input postal, JP clicks on click button location], Jp register steptree [JP clicks on Slect device, JP clicks on [By.xpath: //div[contains(text(),'Xiaomi')]], JP clicks on Slect device, JP clicks on [By.xpath: ( //div[contains(text(),'Redmi 8')])[1]], JP clicks on select operating]]
[Test worker] WARN net.thucydides.core.steps.BaseStepListener - stepStarted: net.thucydides.core.steps.ExecutedStepDescription@549ac12c
[Test worker] WARN net.thucydides.core.steps.BaseStepListener - stepFinished: current outcome:Register new user:Given than JP wants to use the utest page [Jp open up [JP opens the Utestpage], Jp login [JP clicks on button for register]], When JP registers your data
| strname | strlasname | stremail | month | day | year | strlanguage | language | strpstal | strcity | strcountry | strdevice | strmodel | stroperating | strpassword |
| Santiago Prueba | Arias Prueba | sajkn90788776@gamil.com | June | 22 | 2002 | Spanish | Spanish | 110141 | Cali | Colombia | Xiaomi | Redmi 8 | Android 12 | A1iuy32rtr37b8b91o20. | [Jp register step one [JP enters 'Santiago Prueba' into Enter name, JP enters 'Arias Prueba' into Enter lastname, JP enters 'sajkn90788776@gamil.com' into Enter address, JP select June on Select month, JP select 22 on Select day, JP select 2002 on Select year, JP clicks on click button location], Jp registro steptwo [JP enters 'Cali' into click city, JP types 'ARROW_DOWN' in click city, JP types 'ENTER' in click city, JP enters '110141' into input postal, JP clicks on click button location], Jp register steptree [JP clicks on Slect device, JP clicks on [By.xpath: //div[contains(text(),'Xiaomi')]], JP clicks on Slect device, JP clicks on [By.xpath: ( //div[contains(text(),'Redmi 8')])[1]], JP clicks on select operating, JP clicks on [By.xpath: ( //div[contains(text(),'Android 12')])[1]]]]
[Test worker] WARN net.thucydides.core.steps.BaseStepListener - stepStarted: net.thucydides.core.steps.ExecutedStepDescription@60e1d87c
[Test worker] WARN net.thucydides.core.steps.BaseStepListener - stepFinished: current outcome:Register new user:Given than JP wants to use the utest page [Jp open up [JP opens the Utestpage], Jp login [JP clicks on button for register]], When JP registers your data
| strname | strlasname | stremail | month | day | year | strlanguage | language | strpstal | strcity | strcountry | strdevice | strmodel | stroperating | strpassword |
| Santiago Prueba | Arias Prueba | sajkn90788776@gamil.com | June | 22 | 2002 | Spanish | Spanish | 110141 | Cali | Colombia | Xiaomi | Redmi 8 | Android 12 | A1iuy32rtr37b8b91o20. | [Jp register step one [JP enters 'Santiago Prueba' into Enter name, JP enters 'Arias Prueba' into Enter lastname, JP enters 'sajkn90788776@gamil.com' into Enter address, JP select June on Select month, JP select 22 on Select day, JP select 2002 on Select year, JP clicks on click button location], Jp registro steptwo [JP enters 'Cali' into click city, JP types 'ARROW_DOWN' in click city, JP types 'ENTER' in click city, JP enters '110141' into input postal, JP clicks on click button location], Jp register steptree [JP clicks on Slect device, JP clicks on [By.xpath: //div[contains(text(),'Xiaomi')]], JP clicks on Slect device, JP clicks on [By.xpath: ( //div[contains(text(),'Redmi 8')])[1]], JP clicks on select operating, JP clicks on [By.xpath: ( //div[contains(text(),'Android 12')])[1]], JP clicks on click button location]]
[Test worker] WARN net.thucydides.core.steps.BaseStepListener - stepFinished: current outcome:Register new user:Given than JP wants to use the utest page [Jp open up [JP opens the Utestpage], Jp login [JP clicks on button for register]], When JP registers your data
| strname | strlasname | stremail | month | day | year | strlanguage | language | strpstal | strcity | strcountry | strdevice | strmodel | stroperating | strpassword |
| Santiago Prueba | Arias Prueba | sajkn90788776@gamil.com | June | 22 | 2002 | Spanish | Spanish | 110141 | Cali | Colombia | Xiaomi | Redmi 8 | Android 12 | A1iuy32rtr37b8b91o20. | [Jp register step one [JP enters 'Santiago Prueba' into Enter name, JP enters 'Arias Prueba' into Enter lastname, JP enters 'sajkn90788776@gamil.com' into Enter address, JP select June on Select month, JP select 22 on Select day, JP select 2002 on Select year, JP clicks on click button location], Jp registro steptwo [JP enters 'Cali' into click city, JP types 'ARROW_DOWN' in click city, JP types 'ENTER' in click city, JP enters '110141' into input postal, JP clicks on click button location], Jp register steptree [JP clicks on Slect device, JP clicks on [By.xpath: //div[contains(text(),'Xiaomi')]], JP clicks on Slect device, JP clicks on [By.xpath: ( //div[contains(text(),'Redmi 8')])[1]], JP clicks on select operating, JP clicks on [By.xpath: ( //div[contains(text(),'Android 12')])[1]], JP clicks on click button location]]
[Test worker] WARN net.thucydides.core.steps.BaseStepListener - stepStarted: net.thucydides.core.steps.ExecutedStepDescription@3b9ac754
[Test worker] WARN net.thucydides.core.steps.BaseStepListener - stepStarted: net.thucydides.core.steps.ExecutedStepDescription@37c5284a
[Test worker] WARN net.thucydides.core.steps.BaseStepListener - stepFinished: current outcome:Register new user:Given than JP wants to use the utest page [Jp open up [JP opens the Utestpage], Jp login [JP clicks on button for register]], When JP registers your data
| strname | strlasname | stremail | month | day | year | strlanguage | language | strpstal | strcity | strcountry | strdevice | strmodel | stroperating | strpassword |
| Santiago Prueba | Arias Prueba | sajkn90788776@gamil.com | June | 22 | 2002 | Spanish | Spanish | 110141 | Cali | Colombia | Xiaomi | Redmi 8 | Android 12 | A1iuy32rtr37b8b91o20. | [Jp register step one [JP enters 'Santiago Prueba' into Enter name, JP enters 'Arias Prueba' into Enter lastname, JP enters 'sajkn90788776@gamil.com' into Enter address, JP select June on Select month, JP select 22 on Select day, JP select 2002 on Select year, JP clicks on click button location], Jp registro steptwo [JP enters 'Cali' into click city, JP types 'ARROW_DOWN' in click city, JP types 'ENTER' in click city, JP enters '110141' into input postal, JP clicks on click button location], Jp register steptree [JP clicks on Slect device, JP clicks on [By.xpath: //div[contains(text(),'Xiaomi')]], JP clicks on Slect device, JP clicks on [By.xpath: ( //div[contains(text(),'Redmi 8')])[1]], JP clicks on select operating, JP clicks on [By.xpath: ( //div[contains(text(),'Android 12')])[1]], JP clicks on click button location], Jp register stepfour [JP enters 'A1iuy32rtr37b8b91o20.' into select operating]]
[Test worker] WARN net.thucydides.core.steps.BaseStepListener - stepStarted: net.thucydides.core.steps.ExecutedStepDescription@4017fe2c
[Test worker] WARN net.thucydides.core.steps.BaseStepListener - stepFinished: current outcome:Register new user:Given than JP wants to use the utest page [Jp open up [JP opens the Utestpage], Jp login [JP clicks on button for register]], When JP registers your data
| strname | strlasname | stremail | month | day | year | strlanguage | language | strpstal | strcity | strcountry | strdevice | strmodel | stroperating | strpassword |
| Santiago Prueba | Arias Prueba | sajkn90788776@gamil.com | June | 22 | 2002 | Spanish | Spanish | 110141 | Cali | Colombia | Xiaomi | Redmi 8 | Android 12 | A1iuy32rtr37b8b91o20. | [Jp register step one [JP enters 'Santiago Prueba' into Enter name, JP enters 'Arias Prueba' into Enter lastname, JP enters 'sajkn90788776@gamil.com' into Enter address, JP select June on Select month, JP select 22 on Select day, JP select 2002 on Select year, JP clicks on click button location], Jp registro steptwo [JP enters 'Cali' into click city, JP types 'ARROW_DOWN' in click city, JP types 'ENTER' in click city, JP enters '110141' into input postal, JP clicks on click button location], Jp register steptree [JP clicks on Slect device, JP clicks on [By.xpath: //div[contains(text(),'Xiaomi')]], JP clicks on Slect device, JP clicks on [By.xpath: ( //div[contains(text(),'Redmi 8')])[1]], JP clicks on select operating, JP clicks on [By.xpath: ( //div[contains(text(),'Android 12')])[1]], JP clicks on click button location], Jp register stepfour [JP enters 'A1iuy32rtr37b8b91o20.' into select operating, JP enters 'A1iuy32rtr37b8b91o20.' into enter confirm password]]
[Test worker] WARN net.thucydides.core.steps.BaseStepListener - stepStarted: net.thucydides.core.steps.ExecutedStepDescription@110e9982
[Test worker] WARN net.thucydides.core.steps.BaseStepListener - stepFinished: current outcome:Register new user:Given than JP wants to use the utest page [Jp open up [JP opens the Utestpage], Jp login [JP clicks on button for register]], When JP registers your data
| strname | strlasname | stremail | month | day | year | strlanguage | language | strpstal | strcity | strcountry | strdevice | strmodel | stroperating | strpassword |
| Santiago Prueba | Arias Prueba | sajkn90788776@gamil.com | June | 22 | 2002 | Spanish | Spanish | 110141 | Cali | Colombia | Xiaomi | Redmi 8 | Android 12 | A1iuy32rtr37b8b91o20. | [Jp register step one [JP enters 'Santiago Prueba' into Enter name, JP enters 'Arias Prueba' into Enter lastname, JP enters 'sajkn90788776@gamil.com' into Enter address, JP select June on Select month, JP select 22 on Select day, JP select 2002 on Select year, JP clicks on click button location], Jp registro steptwo [JP enters 'Cali' into click city, JP types 'ARROW_DOWN' in click city, JP types 'ENTER' in click city, JP enters '110141' into input postal, JP clicks on click button location], Jp register steptree [JP clicks on Slect device, JP clicks on [By.xpath: //div[contains(text(),'Xiaomi')]], JP clicks on Slect device, JP clicks on [By.xpath: ( //div[contains(text(),'Redmi 8')])[1]], JP clicks on select operating, JP clicks on [By.xpath: ( //div[contains(text(),'Android 12')])[1]], JP clicks on click button location], Jp register stepfour [JP enters 'A1iuy32rtr37b8b91o20.' into select operating, JP enters 'A1iuy32rtr37b8b91o20.' into enter confirm password, JP clicks on check one]]
[Test worker] WARN net.thucydides.core.steps.BaseStepListener - stepStarted: net.thucydides.core.steps.ExecutedStepDescription@548e43b1
[Test worker] WARN net.thucydides.core.steps.BaseStepListener - stepFinished: current outcome:Register new user:Given than JP wants to use the utest page [Jp open up [JP opens the Utestpage], Jp login [JP clicks on button for register]], When JP registers your data
| strname | strlasname | stremail | month | day | year | strlanguage | language | strpstal | strcity | strcountry | strdevice | strmodel | stroperating | strpassword |
| Santiago Prueba | Arias Prueba | sajkn90788776@gamil.com | June | 22 | 2002 | Spanish | Spanish | 110141 | Cali | Colombia | Xiaomi | Redmi 8 | Android 12 | A1iuy32rtr37b8b91o20. | [Jp register step one [JP enters 'Santiago Prueba' into Enter name, JP enters 'Arias Prueba' into Enter lastname, JP enters 'sajkn90788776@gamil.com' into Enter address, JP select June on Select month, JP select 22 on Select day, JP select 2002 on Select year, JP clicks on click button location], Jp registro steptwo [JP enters 'Cali' into click city, JP types 'ARROW_DOWN' in click city, JP types 'ENTER' in click city, JP enters '110141' into input postal, JP clicks on click button location], Jp register steptree [JP clicks on Slect device, JP clicks on [By.xpath: //div[contains(text(),'Xiaomi')]], JP clicks on Slect device, JP clicks on [By.xpath: ( //div[contains(text(),'Redmi 8')])[1]], JP clicks on select operating, JP clicks on [By.xpath: ( //div[contains(text(),'Android 12')])[1]], JP clicks on click button location], Jp register stepfour [JP enters 'A1iuy32rtr37b8b91o20.' into select operating, JP enters 'A1iuy32rtr37b8b91o20.' into enter confirm password, JP clicks on check one, JP clicks on check two]]
[Test worker] WARN net.thucydides.core.steps.BaseStepListener - stepStarted: net.thucydides.core.steps.ExecutedStepDescription@4844930a
[Test worker] WARN net.thucydides.core.steps.BaseStepListener - stepFinished: current outcome:Register new user:Given than JP wants to use the utest page [Jp open up [JP opens the Utestpage], Jp login [JP clicks on button for register]], When JP registers your data
| strname | strlasname | stremail | month | day | year | strlanguage | language | strpstal | strcity | strcountry | strdevice | strmodel | stroperating | strpassword |
| Santiago Prueba | Arias Prueba | sajkn90788776@gamil.com | June | 22 | 2002 | Spanish | Spanish | 110141 | Cali | Colombia | Xiaomi | Redmi 8 | Android 12 | A1iuy32rtr37b8b91o20. | [Jp register step one [JP enters 'Santiago Prueba' into Enter name, JP enters 'Arias Prueba' into Enter lastname, JP enters 'sajkn90788776@gamil.com' into Enter address, JP select June on Select month, JP select 22 on Select day, JP select 2002 on Select year, JP clicks on click button location], Jp registro steptwo [JP enters 'Cali' into click city, JP types 'ARROW_DOWN' in click city, JP types 'ENTER' in click city, JP enters '110141' into input postal, JP clicks on click button location], Jp register steptree [JP clicks on Slect device, JP clicks on [By.xpath: //div[contains(text(),'Xiaomi')]], JP clicks on Slect device, JP clicks on [By.xpath: ( //div[contains(text(),'Redmi 8')])[1]], JP clicks on select operating, JP clicks on [By.xpath: ( //div[contains(text(),'Android 12')])[1]], JP clicks on click button location], Jp register stepfour [JP enters 'A1iuy32rtr37b8b91o20.' into select operating, JP enters 'A1iuy32rtr37b8b91o20.' into enter confirm password, JP clicks on check one, JP clicks on check two, JP clicks on check three]]
[Test worker] WARN net.thucydides.core.steps.BaseStepListener - stepStarted: net.thucydides.core.steps.ExecutedStepDescription@4c319d52
[Test worker] WARN net.thucydides.core.steps.BaseStepListener - stepFinished: current outcome:Register new user:Given than JP wants to use the utest page [Jp open up [JP opens the Utestpage], Jp login [JP clicks on button for register]], When JP registers your data
| strname | strlasname | stremail | month | day | year | strlanguage | language | strpstal | strcity | strcountry | strdevice | strmodel | stroperating | strpassword |
| Santiago Prueba | Arias Prueba | sajkn90788776@gamil.com | June | 22 | 2002 | Spanish | Spanish | 110141 | Cali | Colombia | Xiaomi | Redmi 8 | Android 12 | A1iuy32rtr37b8b91o20. | [Jp register step one [JP enters 'Santiago Prueba' into Enter name, JP enters 'Arias Prueba' into Enter lastname, JP enters 'sajkn90788776@gamil.com' into Enter address, JP select June on Select month, JP select 22 on Select day, JP select 2002 on Select year, JP clicks on click button location], Jp registro steptwo [JP enters 'Cali' into click city, JP types 'ARROW_DOWN' in click city, JP types 'ENTER' in click city, JP enters '110141' into input postal, JP clicks on click button location], Jp register steptree [JP clicks on Slect device, JP clicks on [By.xpath: //div[contains(text(),'Xiaomi')]], JP clicks on Slect device, JP clicks on [By.xpath: ( //div[contains(text(),'Redmi 8')])[1]], JP clicks on select operating, JP clicks on [By.xpath: ( //div[contains(text(),'Android 12')])[1]], JP clicks on click button location], Jp register stepfour [JP enters 'A1iuy32rtr37b8b91o20.' into select operating, JP enters 'A1iuy32rtr37b8b91o20.' into enter confirm password, JP clicks on check one, JP clicks on check two, JP clicks on check three, JP clicks on click button location]]
[Test worker] WARN net.thucydides.core.steps.BaseStepListener - stepFinished: current outcome:Register new user:Given than JP wants to use the utest page [Jp open up [JP opens the Utestpage], Jp login [JP clicks on button for register]], When JP registers your data
| strname | strlasname | stremail | month | day | year | strlanguage | language | strpstal | strcity | strcountry | strdevice | strmodel | stroperating | strpassword |
| Santiago Prueba | Arias Prueba | sajkn90788776@gamil.com | June | 22 | 2002 | Spanish | Spanish | 110141 | Cali | Colombia | Xiaomi | Redmi 8 | Android 12 | A1iuy32rtr37b8b91o20. | [Jp register step one [JP enters 'Santiago Prueba' into Enter name, JP enters 'Arias Prueba' into Enter lastname, JP enters 'sajkn90788776@gamil.com' into Enter address, JP select June on Select month, JP select 22 on Select day, JP select 2002 on Select year, JP clicks on click button location], Jp registro steptwo [JP enters 'Cali' into click city, JP types 'ARROW_DOWN' in click city, JP types 'ENTER' in click city, JP enters '110141' into input postal, JP clicks on click button location], Jp register steptree [JP clicks on Slect device, JP clicks on [By.xpath: //div[contains(text(),'Xiaomi')]], JP clicks on Slect device, JP clicks on [By.xpath: ( //div[contains(text(),'Redmi 8')])[1]], JP clicks on select operating, JP clicks on [By.xpath: ( //div[contains(text(),'Android 12')])[1]], JP clicks on click button location], Jp register stepfour [JP enters 'A1iuy32rtr37b8b91o20.' into select operating, JP enters 'A1iuy32rtr37b8b91o20.' into enter confirm password, JP clicks on check one, JP clicks on check two, JP clicks on check three, JP clicks on click button location]]
[Test worker] WARN net.thucydides.core.steps.BaseStepListener - stepFinished: current outcome:Register new user:Given than JP wants to use the utest page [Jp open up [JP opens the Utestpage], Jp login [JP clicks on button for register]], When JP registers your data
| strname | strlasname | stremail | month | day | year | strlanguage | language | strpstal | strcity | strcountry | strdevice | strmodel | stroperating | strpassword |
| Santiago Prueba | Arias Prueba | sajkn90788776@gamil.com | June | 22 | 2002 | Spanish | Spanish | 110141 | Cali | Colombia | Xiaomi | Redmi 8 | Android 12 | A1iuy32rtr37b8b91o20. | [Jp register step one [JP enters 'Santiago Prueba' into Enter name, JP enters 'Arias Prueba' into Enter lastname, JP enters 'sajkn90788776@gamil.com' into Enter address, JP select June on Select month, JP select 22 on Select day, JP select 2002 on Select year, JP clicks on click button location], Jp registro steptwo [JP enters 'Cali' into click city, JP types 'ARROW_DOWN' in click city, JP types 'ENTER' in click city, JP enters '110141' into input postal, JP clicks on click button location], Jp register steptree [JP clicks on Slect device, JP clicks on [By.xpath: //div[contains(text(),'Xiaomi')]], JP clicks on Slect device, JP clicks on [By.xpath: ( //div[contains(text(),'Redmi 8')])[1]], JP clicks on select operating, JP clicks on [By.xpath: ( //div[contains(text(),'Android 12')])[1]], JP clicks on click button location], Jp register stepfour [JP enters 'A1iuy32rtr37b8b91o20.' into select operating, JP enters 'A1iuy32rtr37b8b91o20.' into enter confirm password, JP clicks on check one, JP clicks on check two, JP clicks on check three, JP clicks on click button location]]
[Test worker] WARN net.thucydides.core.steps.BaseStepListener - stepStarted: net.thucydides.core.steps.ExecutedStepDescription@45d56062
[Test worker] WARN net.thucydides.core.steps.BaseStepListener - stepStarted: net.thucydides.core.steps.ExecutedStepDescription@26f0141
[Test worker] WARN net.thucydides.core.steps.BaseStepListener - stepFinished: current outcome:Register new user:Given than JP wants to use the utest page [Jp open up [JP opens the Utestpage], Jp login [JP clicks on button for register]], When JP registers your data
| strname | strlasname | stremail | month | day | year | strlanguage | language | strpstal | strcity | strcountry | strdevice | strmodel | stroperating | strpassword |
| Santiago Prueba | Arias Prueba | sajkn90788776@gamil.com | June | 22 | 2002 | Spanish | Spanish | 110141 | Cali | Colombia | Xiaomi | Redmi 8 | Android 12 | A1iuy32rtr37b8b91o20. | [Jp register step one [JP enters 'Santiago Prueba' into Enter name, JP enters 'Arias Prueba' into Enter lastname, JP enters 'sajkn90788776@gamil.com' into Enter address, JP select June on Select month, JP select 22 on Select day, JP select 2002 on Select year, JP clicks on click button location], Jp registro steptwo [JP enters 'Cali' into click city, JP types 'ARROW_DOWN' in click city, JP types 'ENTER' in click city, JP enters '110141' into input postal, JP clicks on click button location], Jp register steptree [JP clicks on Slect device, JP clicks on [By.xpath: //div[contains(text(),'Xiaomi')]], JP clicks on Slect device, JP clicks on [By.xpath: ( //div[contains(text(),'Redmi 8')])[1]], JP clicks on select operating, JP clicks on [By.xpath: ( //div[contains(text(),'Android 12')])[1]], JP clicks on click button location], Jp register stepfour [JP enters 'A1iuy32rtr37b8b91o20.' into select operating, JP enters 'A1iuy32rtr37b8b91o20.' into enter confirm password, JP clicks on check one, JP clicks on check two, JP clicks on check three, JP clicks on click button location]], Then JP will have a new user and will be able to enjoy the services of utest
| question |
| Welcome to the world's largest community of freelance software testers! | [Then answer]
[Test worker] WARN net.thucydides.core.steps.BaseStepListener - stepFinished: current outcome:Register new user:Given than JP wants to use the utest page [Jp open up [JP opens the Utestpage], Jp login [JP clicks on button for register]], When JP registers your data
| strname | strlasname | stremail | month | day | year | strlanguage | language | strpstal | strcity | strcountry | strdevice | strmodel | stroperating | strpassword |
| Santiago Prueba | Arias Prueba | sajkn90788776@gamil.com | June | 22 | 2002 | Spanish | Spanish | 110141 | Cali | Colombia | Xiaomi | Redmi 8 | Android 12 | A1iuy32rtr37b8b91o20. | [Jp register step one [JP enters 'Santiago Prueba' into Enter name, JP enters 'Arias Prueba' into Enter lastname, JP enters 'sajkn90788776@gamil.com' into Enter address, JP select June on Select month, JP select 22 on Select day, JP select 2002 on Select year, JP clicks on click button location], Jp registro steptwo [JP enters 'Cali' into click city, JP types 'ARROW_DOWN' in click city, JP types 'ENTER' in click city, JP enters '110141' into input postal, JP clicks on click button location], Jp register steptree [JP clicks on Slect device, JP clicks on [By.xpath: //div[contains(text(),'Xiaomi')]], JP clicks on Slect device, JP clicks on [By.xpath: ( //div[contains(text(),'Redmi 8')])[1]], JP clicks on select operating, JP clicks on [By.xpath: ( //div[contains(text(),'Android 12')])[1]], JP clicks on click button location], Jp register stepfour [JP enters 'A1iuy32rtr37b8b91o20.' into select operating, JP enters 'A1iuy32rtr37b8b91o20.' into enter confirm password, JP clicks on check one, JP clicks on check two, JP clicks on check three, JP clicks on click button location]], Then JP will have a new user and will be able to enjoy the services of utest
| question |
| Welcome to the world's largest community of freelance software testers! | [Then answer]
[Test worker] WARN net.thucydides.core.steps.BaseStepListener - testFinished: Register new user:Given than JP wants to use the utest page [Jp open up [JP opens the Utestpage], Jp login [JP clicks on button for register]], When JP registers your data
| strname | strlasname | stremail | month | day | year | strlanguage | language | strpstal | strcity | strcountry | strdevice | strmodel | stroperating | strpassword |
| Santiago Prueba | Arias Prueba | sajkn90788776@gamil.com | June | 22 | 2002 | Spanish | Spanish | 110141 | Cali | Colombia | Xiaomi | Redmi 8 | Android 12 | A1iuy32rtr37b8b91o20. | [Jp register step one [JP enters 'Santiago Prueba' into Enter name, JP enters 'Arias Prueba' into Enter lastname, JP enters 'sajkn90788776@gamil.com' into Enter address, JP select June on Select month, JP select 22 on Select day, JP select 2002 on Select year, JP clicks on click button location], Jp registro steptwo [JP enters 'Cali' into click city, JP types 'ARROW_DOWN' in click city, JP types 'ENTER' in click city, JP enters '110141' into input postal, JP clicks on click button location], Jp register steptree [JP clicks on Slect device, JP clicks on [By.xpath: //div[contains(text(),'Xiaomi')]], JP clicks on Slect device, JP clicks on [By.xpath: ( //div[contains(text(),'Redmi 8')])[1]], JP clicks on select operating, JP clicks on [By.xpath: ( //div[contains(text(),'Android 12')])[1]], JP clicks on click button location], Jp register stepfour [JP enters 'A1iuy32rtr37b8b91o20.' into select operating, JP enters 'A1iuy32rtr37b8b91o20.' into enter confirm password, JP clicks on check one, JP clicks on check two, JP clicks on check three, JP clicks on click button location]], Then JP will have a new user and will be able to enjoy the services of utest
| question |
| Welcome to the world's largest community of freelance software testers! | [Then answer]
[Test worker] WARN net.thucydides.core.steps.BaseStepListener - TestOutcomes: [Register new user:Given than JP wants to use the utest page [Jp open up [JP opens the Utestpage], Jp login [JP clicks on button for register]], When JP registers your data
| strname | strlasname | stremail | month | day | year | strlanguage | language | strpstal | strcity | strcountry | strdevice | strmodel | stroperating | strpassword |
| Santiago Prueba | Arias Prueba | sajkn90788776@gamil.com | June | 22 | 2002 | Spanish | Spanish | 110141 | Cali | Colombia | Xiaomi | Redmi 8 | Android 12 | A1iuy32rtr37b8b91o20. | [Jp register step one [JP enters 'Santiago Prueba' into Enter name, JP enters 'Arias Prueba' into Enter lastname, JP enters 'sajkn90788776@gamil.com' into Enter address, JP select June on Select month, JP select 22 on Select day, JP select 2002 on Select year, JP clicks on click button location], Jp registro steptwo [JP enters 'Cali' into click city, JP types 'ARROW_DOWN' in click city, JP types 'ENTER' in click city, JP enters '110141' into input postal, JP clicks on click button location], Jp register steptree [JP clicks on Slect device, JP clicks on [By.xpath: //div[contains(text(),'Xiaomi')]], JP clicks on Slect device, JP clicks on [By.xpath: ( //div[contains(text(),'Redmi 8')])[1]], JP clicks on select operating, JP clicks on [By.xpath: ( //div[contains(text(),'Android 12')])[1]], JP clicks on click button location], Jp register stepfour [JP enters 'A1iuy32rtr37b8b91o20.' into select operating, JP enters 'A1iuy32rtr37b8b91o20.' into enter confirm password, JP clicks on check one, JP clicks on check two, JP clicks on check three, JP clicks on click button location]], Then JP will have a new user and will be able to enjoy the services of utest
| question |
| Welcome to the world's largest community of freelance software testers! | [Then answer]]
[Test worker] WARN net.thucydides.core.steps.BaseStepListener - Final testOutcomes: [Register new user:Given than JP wants to use the utest page [Jp open up [JP opens the Utestpage], Jp login [JP clicks on button for register]], When JP registers your data
| strname | strlasname | stremail | month | day | year | strlanguage | language | strpstal | strcity | strcountry | strdevice | strmodel | stroperating | strpassword |
| Santiago Prueba | Arias Prueba | sajkn90788776@gamil.com | June | 22 | 2002 | Spanish | Spanish | 110141 | Cali | Colombia | Xiaomi | Redmi 8 | Android 12 | A1iuy32rtr37b8b91o20. | [Jp register step one [JP enters 'Santiago Prueba' into Enter name, JP enters 'Arias Prueba' into Enter lastname, JP enters 'sajkn90788776@gamil.com' into Enter address, JP select June on Select month, JP select 22 on Select day, JP select 2002 on Select year, JP clicks on click button location], Jp registro steptwo [JP enters 'Cali' into click city, JP types 'ARROW_DOWN' in click city, JP types 'ENTER' in click city, JP enters '110141' into input postal, JP clicks on click button location], Jp register steptree [JP clicks on Slect device, JP clicks on [By.xpath: //div[contains(text(),'Xiaomi')]], JP clicks on Slect device, JP clicks on [By.xpath: ( //div[contains(text(),'Redmi 8')])[1]], JP clicks on select operating, JP clicks on [By.xpath: ( //div[contains(text(),'Android 12')])[1]], JP clicks on click button location], Jp register stepfour [JP enters 'A1iuy32rtr37b8b91o20.' into select operating, JP enters 'A1iuy32rtr37b8b91o20.' into enter confirm password, JP clicks on check one, JP clicks on check two, JP clicks on check three, JP clicks on click button location]], Then JP will have a new user and will be able to enjoy the services of utest
| question |
| Welcome to the world's largest community of freelance software testers! | [Then answer]]
[Test worker] INFO net.thucydides.core.steps.ConsoleLoggingListener - 
        __    _____ _____ ____ _____   ____   _    ____  ____  _____ ____  
  _     \ \  |_   _| ____/ ___|_   _| |  _ \ / \  / ___|/ ___|| ____|  _ \ 
 (_)_____| |   | | |  _| \___ \ | |   | |_) / _ \ \___ \\___ \|  _| | | | |
  _|_____| |   | | | |___ ___) || |   |  __/ ___ \ ___) |___) | |___| |_| |
 (_)     | |   |_| |_____|____/ |_|   |_| /_/   \_\____/|____/|_____|____/ 
        /_/                                                                

TEST PASSED: Register new user
----------------------------------------------------------------------------
]]></system-err>
</testsuite>
